<?xml version="1.0" encoding="utf-8"?><testsuites name="pytest tests"><testsuite name="pytest" errors="0" failures="0" skipped="0" tests="5" time="0.659" timestamp="2026-05-12T09:08:53.005530+00:00" hostname="agent-env-91235fcd-1718-4670-8d29-7f2207aa2d07"><testcase classname="tests.test_api.TestRoot" name="test_root_returns_hello_world" time="0.248" /><testcase classname="tests.test_api.TestContact" name="test_contact_valid_payload_stored" time="0.126" /><testcase classname="tests.test_api.TestContact" name="test_contact_invalid_email_returns_422" time="0.052" /><testcase classname="tests.test_api.TestContact" name="test_contact_short_message_returns_422" time="0.047" /><testcase classname="tests.test_api.TestContact" name="test_contact_missing_name_returns_422" time="0.056" /></testsuite></testsuites>